Log Entry : 2016年10月21日 11:01:10
方法:System.Data.DataTable get_Item(Int32),异常信息:无法找到表 0。
------------------------------------
Log Entry : 2016年10月21日 11:02:35
方法:System.Data.DataTable get_Item(Int32),异常信息:无法找到表 0。
------------------------------------
Log Entry : 2016年10月21日 11:03:53
方法:System.Data.DataTable get_Item(Int32),异常信息:无法找到表 0。
------------------------------------
Log Entry : 2016年10月21日 11:09:01
方法:System.Data.DataTable get_Item(Int32),异常信息:无法找到表 0。
------------------------------------
Log Entry : 2016年10月21日 11:17:39
方法:System.Data.DataTable GetUserCommSearchInfo(System.String, System.String, System.String, System.String, System.String, System.String),异常信息:未将对象引用设置到对象的实例。
------------------------------------
Log Entry : 2016年10月21日 11:33:06
方法:System.Web.Mvc.ActionResult UserCommSearch(),异常信息:未将对象引用设置到对象的实例。
------------------------------------
Log Entry : 2016年10月21日 11:36:45
方法:System.Web.Mvc.ActionResult UserCommSearch(),异常信息:未将对象引用设置到对象的实例。
------------------------------------
Log Entry : 2016年10月21日 15:50:37
方法:System.Object DeserializeFromXML(System.Type, System.String),异常信息:XML 文档(2, 2)中有错误。
------------------------------------
