Log Entry : 2016年12月27日 10:22:31
方法:Void OnError(System.Data.SqlClient.SqlException, Boolean, System.Action`1[System.Action]),异常信息:必须声明标量变量 "@drawid"。
------------------------------------
Log Entry : 2016年12月27日 10:26:05
方法:Void OnError(System.Data.SqlClient.SqlException, Boolean, System.Action`1[System.Action]),异常信息:必须声明标量变量 "@drawid"。
------------------------------------
Log Entry : 2016年12月27日 10:29:19
方法:Void OnError(System.Data.SqlClient.SqlException, Boolean, System.Action`1[System.Action]),异常信息:必须声明标量变量 "@drawid"。
------------------------------------
Log Entry : 2016年12月27日 10:32:12
方法:Void OnError(System.Data.SqlClient.SqlException, Boolean, System.Action`1[System.Action]),异常信息:必须声明标量变量 "@drawid"。
------------------------------------
Log Entry : 2016年12月27日 14:58:50
方法:System.Web.Mvc.ViewEngineResult FindView(System.Web.Mvc.ControllerContext),异常信息:未找到视图“bett”或其母版视图，或没有视图引擎支持搜索的位置。搜索了以下位置: 
~/views/lottery/bett.cshtml
~/views/shared/bett.cshtml
------------------------------------
Log Entry : 2016年12月27日 14:59:43
方法:System.Web.Mvc.ViewEngineResult FindView(System.Web.Mvc.ControllerContext),异常信息:未找到视图“bett”或其母版视图，或没有视图引擎支持搜索的位置。搜索了以下位置: 
~/views/lottery/bett.cshtml
~/views/shared/bett.cshtml
------------------------------------
