Log Entry : 2016年10月25日 08:52:05
方法:Void ThrowArgumentOutOfRangeException(),异常信息:索引超出范围。必须为非负值并小于集合大小。
参数名: index
------------------------------------
Log Entry : 2016年10月25日 08:57:47
方法:System.CodeDom.Compiler.CompilerResults Compile(),异常信息:c:\Users\zf\AppData\Local\Temp\Temporary ASP.NET Files\vs\d6b60895\dca84b4f\App_Web_baseinfolist.cshtml.1195123e.j4s3pujh.0.cs(42): error CS0246: 未能找到类型或命名空间名称“BaseInfoModel”(是否缺少 using 指令或程序集引用?)
------------------------------------
Log Entry : 2016年10月25日 09:08:06
方法:Void <Execute>b__2(),异常信息:未将对象引用设置到对象的实例。
------------------------------------
Log Entry : 2016年10月25日 09:08:24
方法:Void <Execute>b__2(),异常信息:未将对象引用设置到对象的实例。
------------------------------------
Log Entry : 2016年10月25日 09:08:27
方法:Void <Execute>b__2(),异常信息:未将对象引用设置到对象的实例。
------------------------------------
Log Entry : 2016年10月25日 09:10:58
方法:Void <Execute>b__2(),异常信息:未将对象引用设置到对象的实例。
------------------------------------
Log Entry : 2016年10月25日 09:13:48
方法:Void OnError(System.Data.SqlClient.SqlException, Boolean, System.Action`1[System.Action]),异常信息:不能将值 NULL 插入列 'content'，表 'comdb.dbo.owzx_baseinfo'；列不允许有 Null 值。UPDATE 失败。
语句已终止。
------------------------------------
Log Entry : 2016年10月25日 15:32:11
方法:Void OnError(System.Data.SqlClient.SqlException, Boolean, System.Action`1[System.Action]),异常信息:对象名 'owzx_customeractions' 无效。
------------------------------------
Log Entry : 2016年10月25日 15:39:45
方法:System.DateTime Parse(System.String, System.Globalization.DateTimeFormatInfo, System.Globalization.DateTimeStyles),异常信息:该字符串未被识别为有效的 DateTime。
------------------------------------
Log Entry : 2016年10月25日 15:39:51
方法:System.DateTime Parse(System.String, System.Globalization.DateTimeFormatInfo, System.Globalization.DateTimeStyles),异常信息:该字符串未被识别为有效的 DateTime。
------------------------------------
Log Entry : 2016年10月25日 16:00:58
方法:Void OnError(System.Data.SqlClient.SqlException, Boolean, System.Action`1[System.Action]),异常信息:对象名 'owzx_customeractions' 无效。
------------------------------------
Log Entry : 2016年10月25日 16:05:59
方法:Void <Execute>b__1(),异常信息:未将对象引用设置到对象的实例。
------------------------------------
