Log Entry : 2016年11月02日 11:07:07
方法:System.CodeDom.Compiler.CompilerResults Compile(),异常信息:d:\我的\项目\电话App\OWZX\Presentation\OWZX.Web\administration\views\user\teamlist.cshtml(66): error CS1061: “OWZX.Web.Admin.Models.TeamListModel”不包含“UserList”的定义，并且找不到可接受类型为“OWZX.Web.Admin.Models.TeamListModel”的第一个参数的扩展方法“UserList”(是否缺少 using 指令或程序集引用?)
------------------------------------
Log Entry : 2016年11月02日 11:07:41
方法:System.Data.DataColumn GetDataColumn(System.String),异常信息:列“userrank”不属于表 Table。
------------------------------------
Log Entry : 2016年11月02日 11:58:19
方法:Void OnError(System.Data.SqlClient.SqlException, Boolean, System.Action`1[System.Action]),异常信息:关键字 'where' 附近有语法错误。
------------------------------------
Log Entry : 2016年11月02日 12:04:12
方法:Void OnError(System.Data.SqlClient.SqlException, Boolean, System.Action`1[System.Action]),异常信息:关键字 'order' 附近有语法错误。
------------------------------------
Log Entry : 2016年11月02日 17:54:43
方法:Void <Execute>b__1(),异常信息:未将对象引用设置到对象的实例。
------------------------------------
Log Entry : 2016年11月02日 18:18:15
方法:Void <Execute>b__1(),异常信息:未将对象引用设置到对象的实例。
------------------------------------
Log Entry : 2016年11月02日 18:18:18
方法:Void <Execute>b__1(),异常信息:未将对象引用设置到对象的实例。
------------------------------------
