Log Entry : 2016年12月29日 09:15:07
方法:Void OnError(System.Data.SqlClient.SqlException, Boolean, System.Action`1[System.Action]),异常信息:关键字 'where' 附近有语法错误。
------------------------------------
Log Entry : 2016年12月29日 10:34:46
方法:Void set_Type(System.String),异常信息:未将对象引用设置到对象的实例。
------------------------------------
Log Entry : 2016年12月29日 10:46:51
方法:Void set_Type(System.String),异常信息:未将对象引用设置到对象的实例。
------------------------------------
Log Entry : 2016年12月29日 15:25:42
方法：index,参数：
------------------------------------
Log Entry : 2016年12月29日 15:26:27
方法：sendsms,参数：account=15670179992&imei=111111&type=注册应用&code=678569
------------------------------------
Log Entry : 2016年12月29日 15:29:43
方法：index,参数：
------------------------------------
Log Entry : 2016年12月29日 15:29:54
方法：sendsms,参数：account=15670179992&imei=111111&type=注册应用&code=678569
------------------------------------
Log Entry : 2016年12月29日 15:32:20
方法：index,参数：
------------------------------------
Log Entry : 2016年12月29日 15:32:25
方法：sendsms,参数：account=15670179992&imei=111111&type=注册应用&code=678569
------------------------------------
