Log Entry : 2016年11月15日 09:45:32

------------------------------------
Log Entry : 2016年11月15日 09:48:51

------------------------------------
Log Entry : 2016年11月15日 09:49:14
方法:Int32 FromBase64_Decode(Char*, Int32, Byte*, Int32),异常信息:Base-64 字符数组或字符串的长度无效。
------------------------------------
Log Entry : 2016年11月15日 09:50:55
方法:Void ThrowArgumentOutOfRangeException(),异常信息:索引超出范围。必须为非负值并小于集合大小。
参数名: index
------------------------------------
Log Entry : 2016年11月15日 10:57:52

------------------------------------
Log Entry : 2016年11月15日 10:57:53
1
------------------------------------
Log Entry : 2016年11月15日 10:57:54
2
------------------------------------
Log Entry : 2016年11月15日 10:59:05
方法:Int32 FromBase64_Decode(Char*, Int32, Byte*, Int32),异常信息:Base-64 字符数组或字符串的长度无效。
------------------------------------
Log Entry : 2016年11月15日 10:59:10

------------------------------------
Log Entry : 2016年11月15日 11:02:48
1
------------------------------------
Log Entry : 2016年11月15日 11:02:49
2
------------------------------------
Log Entry : 2016年11月15日 11:02:52
方法:Int32 FromBase64_Decode(Char*, Int32, Byte*, Int32),异常信息:Base-64 字符数组或字符串的长度无效。
------------------------------------
Log Entry : 2016年11月15日 11:17:02

------------------------------------
Log Entry : 2016年11月15日 11:17:03
1
------------------------------------
Log Entry : 2016年11月15日 11:17:04
2
------------------------------------
Log Entry : 2016年11月15日 11:22:26

------------------------------------
Log Entry : 2016年11月15日 11:22:27
1
------------------------------------
Log Entry : 2016年11月15日 11:22:28
5
------------------------------------
Log Entry : 2016年11月15日 11:28:26

------------------------------------
Log Entry : 2016年11月15日 11:28:31
1
------------------------------------
Log Entry : 2016年11月15日 11:28:33
5
------------------------------------
Log Entry : 2016年11月15日 11:34:46

------------------------------------
Log Entry : 2016年11月15日 11:34:47
1
------------------------------------
Log Entry : 2016年11月15日 11:34:49
2
------------------------------------
Log Entry : 2016年11月15日 11:38:11

------------------------------------
Log Entry : 2016年11月15日 11:38:12
1
------------------------------------
Log Entry : 2016年11月15日 11:38:13
2
------------------------------------
Log Entry : 2016年11月15日 11:40:17

------------------------------------
Log Entry : 2016年11月15日 11:40:18
1
------------------------------------
Log Entry : 2016年11月15日 11:40:19
2
------------------------------------
Log Entry : 2016年11月15日 11:47:53

------------------------------------
Log Entry : 2016年11月15日 11:47:54
1
------------------------------------
Log Entry : 2016年11月15日 11:47:55
2
------------------------------------
Log Entry : 2016年11月15日 11:54:07

------------------------------------
Log Entry : 2016年11月15日 11:54:07
1
------------------------------------
Log Entry : 2016年11月15日 11:54:09
2
------------------------------------
Log Entry : 2016年11月15日 11:55:43
3
------------------------------------
Log Entry : 2016年11月15日 11:55:54
6
------------------------------------
Log Entry : 2016年11月15日 11:55:58
7
------------------------------------
Log Entry : 2016年11月15日 11:56:11
9
------------------------------------
Log Entry : 2016年11月15日 11:56:21
10
------------------------------------
Log Entry : 2016年11月15日 11:56:29
11
------------------------------------
Log Entry : 2016年11月15日 11:56:39
方法:Void OnError(System.Data.SqlClient.SqlException, Boolean, System.Action`1[System.Action]),异常信息:EXECUTE 后的事务计数指示 BEGIN 和 COMMIT 语句的数目不匹配。上一计数 = 0，当前计数 = 1。
------------------------------------
